# JRE version: OpenJDK Runtime Environment Microsoft-8035250 (11.0.20+8) (build 11.0.20+8-LTS)
# Java VM: OpenJDK 64-Bit Server VM Microsoft-8035250 (11.0.20+8-LTS, mixed mode, tiered, compressed oops, g1 gc, windows-amd64)
Heap:
 garbage-first heap   total 220160K, used 180984K [0x0000000080000000, 0x0000000100000000)
  region size 1024K, 25 young (25600K), 4 survivors (4096K)
 Metaspace       used 169677K, capacity 173388K, committed 173520K, reserved 667648K
  class space    used 20954K, capacity 22397K, committed 22400K, reserved 516096K
GC Heap History (20 events):
Event: 234.455 GC heap before
{Heap before GC invocations=110 (full 0):
 garbage-first heap   total 220160K, used 179989K [0x0000000080000000, 0x0000000100000000)
  region size 1024K, 57 young (58368K), 8 survivors (8192K)
 Metaspace       used 147814K, capacity 151015K, committed 151248K, reserved 649216K
  class space    used 18222K, capacity 19544K, committed 19584K, reserved 516096K
}
Event: 234.537 GC heap after
{Heap after GC invocations=111 (full 0):
 garbage-first heap   total 220160K, used 134533K [0x0000000080000000, 0x0000000100000000)
  region size 1024K, 4 young (4096K), 4 survivors (4096K)
 Metaspace       used 147814K, capacity 151015K, committed 151248K, reserved 649216K
  class space    used 18222K, capacity 19544K, committed 19584K, reserved 516096K
}
Event: 320.482 GC heap before
{Heap before GC invocations=111 (full 0):
 garbage-first heap   total 220160K, used 183685K [0x0000000080000000, 0x0000000100000000)
  region size 1024K, 51 young (52224K), 4 survivors (4096K)
 Metaspace       used 149398K, capacity 152748K, committed 152912K, reserved 651264K
  class space    used 18357K, capacity 19687K, committed 19712K, reserved 516096K
}
Event: 320.519 GC heap after
{Heap after GC invocations=112 (full 0):
 garbage-first heap   total 220160K, used 140897K [0x0000000080000000, 0x0000000100000000)
  region size 1024K, 7 young (7168K), 7 survivors (7168K)
 Metaspace       used 149398K, capacity 152748K, committed 152912K, reserved 651264K
  class space    used 18357K, capacity 19687K, committed 19712K, reserved 516096K
}
Event: 323.845 GC heap before
{Heap before GC invocations=112 (full 0):
 garbage-first heap   total 220160K, used 184929K [0x0000000080000000, 0x0000000100000000)
  region size 1024K, 50 young (51200K), 7 survivors (7168K)
 Metaspace       used 154617K, capacity 158068K, committed 158160K, reserved 655360K
  class space    used 18921K, capacity 20325K, committed 20352K, reserved 516096K
}
Event: 323.874 GC heap after
{Heap after GC invocations=113 (full 0):
 garbage-first heap   total 220160K, used 146374K [0x0000000080000000, 0x0000000100000000)
  region size 1024K, 6 young (6144K), 6 survivors (6144K)
 Metaspace       used 154617K, capacity 158068K, committed 158160K, reserved 655360K
  class space    used 18921K, capacity 20325K, committed 20352K, reserved 516096K
}
Event: 327.229 GC heap before
{Heap before GC invocations=113 (full 0):
 garbage-first heap   total 220160K, used 192454K [0x0000000080000000, 0x0000000100000000)
  region size 1024K, 44 young (45056K), 6 survivors (6144K)
 Metaspace       used 156899K, capacity 160267K, committed 160464K, reserved 657408K
  class space    used 19205K, capacity 20560K, committed 20608K, reserved 516096K
}
Event: 327.248 GC heap after
{Heap after GC invocations=114 (full 0):
 garbage-first heap   total 220160K, used 149631K [0x0000000080000000, 0x0000000100000000)
  region size 1024K, 5 young (5120K), 5 survivors (5120K)
 Metaspace       used 156899K, capacity 160267K, committed 160464K, reserved 657408K
  class space    used 19205K, capacity 20560K, committed 20608K, reserved 516096K
}
Event: 329.712 GC heap before
{Heap before GC invocations=114 (full 0):
 garbage-first heap   total 220160K, used 185471K [0x0000000080000000, 0x0000000100000000)
  region size 1024K, 40 young (40960K), 5 survivors (5120K)
 Metaspace       used 159925K, capacity 163312K, committed 163536K, reserved 659456K
  class space    used 19637K, capacity 21033K, committed 21120K, reserved 516096K
}
Event: 329.725 GC heap after
{Heap after GC invocations=115 (full 0):
 garbage-first heap   total 220160K, used 151552K [0x0000000080000000, 0x0000000100000000)
  region size 1024K, 2 young (2048K), 2 survivors (2048K)
 Metaspace       used 159925K, capacity 163312K, committed 163536K, reserved 659456K
  class space    used 19637K, capacity 21033K, committed 21120K, reserved 516096K
}
Event: 330.668 GC heap before
{Heap before GC invocations=115 (full 0):
 garbage-first heap   total 220160K, used 188416K [0x0000000080000000, 0x0000000100000000)
  region size 1024K, 38 young (38912K), 2 survivors (2048K)
 Metaspace       used 160066K, capacity 163603K, committed 163792K, reserved 659456K
  class space    used 19656K, capacity 21067K, committed 21120K, reserved 516096K
}
Event: 330.677 GC heap after
{Heap after GC invocations=116 (full 0):
 garbage-first heap   total 220160K, used 154261K [0x0000000080000000, 0x0000000100000000)
  region size 1024K, 5 young (5120K), 5 survivors (5120K)
 Metaspace       used 160066K, capacity 163603K, committed 163792K, reserved 659456K
  class space    used 19656K, capacity 21067K, committed 21120K, reserved 516096K
}
Event: 342.674 GC heap before
{Heap before GC invocations=116 (full 0):
 garbage-first heap   total 220160K, used 188053K [0x0000000080000000, 0x0000000100000000)
  region size 1024K, 38 young (38912K), 5 survivors (5120K)
 Metaspace       used 162851K, capacity 166399K, committed 166480K, reserved 661504K
  class space    used 20034K, capacity 21461K, committed 21504K, reserved 516096K
}
Event: 342.697 GC heap after
{Heap after GC invocations=117 (full 0):
 garbage-first heap   total 220160K, used 156511K [0x0000000080000000, 0x0000000100000000)
  region size 1024K, 3 young (3072K), 3 survivors (3072K)
 Metaspace       used 162851K, capacity 166399K, committed 166480K, reserved 661504K
  class space    used 20034K, capacity 21461K, committed 21504K, reserved 516096K
}
Event: 344.760 GC heap before
{Heap before GC invocations=117 (full 0):
 garbage-first heap   total 220160K, used 188255K [0x0000000080000000, 0x0000000100000000)
  region size 1024K, 34 young (34816K), 3 survivors (3072K)
 Metaspace       used 166614K, capacity 170114K, committed 170192K, reserved 665600K
  class space    used 20705K, capacity 22133K, committed 22144K, reserved 516096K
}
Event: 344.768 GC heap after
{Heap after GC invocations=118 (full 0):
 garbage-first heap   total 220160K, used 158298K [0x0000000080000000, 0x0000000100000000)
  region size 1024K, 5 young (5120K), 5 survivors (5120K)
 Metaspace       used 166614K, capacity 170114K, committed 170192K, reserved 665600K
  class space    used 20705K, capacity 22133K, committed 22144K, reserved 516096K
}
Event: 355.501 GC heap before
{Heap before GC invocations=118 (full 0):
 garbage-first heap   total 220160K, used 187994K [0x0000000080000000, 0x0000000100000000)
  region size 1024K, 35 young (35840K), 5 survivors (5120K)
 Metaspace       used 169139K, capacity 172918K, committed 173008K, reserved 667648K
  class space    used 20950K, capacity 22394K, committed 22400K, reserved 516096K
}
Event: 355.530 GC heap after
{Heap after GC invocations=119 (full 0):
 garbage-first heap   total 220160K, used 160371K [0x0000000080000000, 0x0000000100000000)
  region size 1024K, 4 young (4096K), 4 survivors (4096K)
 Metaspace       used 169139K, capacity 172918K, committed 173008K, reserved 667648K
  class space    used 20950K, capacity 22394K, committed 22400K, reserved 516096K
}
Event: 368.299 GC heap before
{Heap before GC invocations=119 (full 0):
 garbage-first heap   total 220160K, used 190067K [0x0000000080000000, 0x0000000100000000)
  region size 1024K, 34 young (34816K), 4 survivors (4096K)
 Metaspace       used 169473K, capacity 173194K, committed 173264K, reserved 667648K
  class space    used 20954K, capacity 22397K, committed 22400K, reserved 516096K
}
Event: 368.349 GC heap after
{Heap after GC invocations=120 (full 0):
 garbage-first heap   total 220160K, used 161528K [0x0000000080000000, 0x0000000100000000)
  region size 1024K, 4 young (4096K), 4 survivors (4096K)
 Metaspace       used 169473K, capacity 173194K, committed 173264K, reserved 667648K
  class space    used 20954K, capacity 22397K, committed 22400K, reserved 516096K
}

